Job <52736603> has been submitted to queue <q_sw_expr>
waiting for dispatch ...
LESSOPEN=||/usr/bin/lesspipe.sh %s
SW_CLUSTER_PATH=/usr/sw-cluster
LIBRARY_PATH=/usr/sw-cluster/intel/composer_xe_2013_sp1.4.211/compiler/lib/intel64:/usr/sw-cluster/intel/composer_xe_2013_sp1.4.211/compiler/lib/intel64:/usr/sw-cluster/intel/composer_xe_2013_sp1.4.211/mkl/lib/intel64:/usr/sw-cluster/intel/composer_xe_2013_sp1.3.174/compiler/lib/intel64:/usr/sw-cluster/intel/composer_xe_2013_sp1.3.174/ipp/../compiler/lib/intel64:/usr/sw-cluster/intel/composer_xe_2013_sp1.3.174/ipp/lib/intel64:/usr/sw-cluster/intel/composer_xe_2013_sp1.3.174/compiler/lib/intel64:/usr/sw-cluster/intel/composer_xe_2013_sp1.3.174/mkl/lib/intel64:/usr/sw-cluster/intel/composer_xe_2013_sp1.3.174/tbb/lib/intel64/gcc4.4
HISTTIMEFORMAT=[%Y.%m.%d %H.%M:%S] 
MV2_MEMORY_OPTIMIZATION=0
CVS_RSH=ssh
KDEDIRS=/usr
MAIL=/var/spool/mail/USER
CLUSCONF_HOME=/opt/clusconf
QTINC=/usr/lib64/qt-3.3/include
SSH_CLIENT=192.168.167.12 44802 22
UPSTART_INSTANCE=
USER=USER
RMS_TS_VERSION=ts_ver_ft
RMS_NODE_EXCLUSIVE=1
HOSTNAME=psn002
SLURM_ROOT=/usr/sw-cluster/slurm-16.05.3
SHLVL=1
LD_LIBRARY_PATH=/usr/local/ora_cli/product/10.2.0/lib:/usr/local/ora_cli/product/10.2.0/lib32:/gfspenvhome/penvSvr/lib/:/usr/sw-cluster/intel/composer_xe_2013_sp1.4.211/compiler/lib/intel64:/usr/sw-cluster/intel/composer_xe_2013_sp1.4.211/mpirt/lib/intel64:/usr/sw-cluster/intel/composer_xe_2013_sp1.4.211/compiler/lib/intel64:/usr/sw-cluster/intel/composer_xe_2013_sp1.4.211/mkl/lib/intel64:/usr/sw-cluster/intel/composer_xe_2013_sp1.3.174/compiler/lib/intel64:/usr/sw-cluster/intel/composer_xe_2013_sp1.3.174/mpirt/lib/intel64:/usr/sw-cluster/intel/composer_xe_2013_sp1.3.174/ipp/../compiler/lib/intel64:/usr/sw-cluster/intel/composer_xe_2013_sp1.3.174/ipp/lib/intel64:/usr/sw-cluster/intel/composer_xe_2013_sp1.3.174/compiler/lib/intel64:/usr/sw-cluster/intel/composer_xe_2013_sp1.3.174/mkl/lib/intel64:/usr/sw-cluster/intel/composer_xe_2013_sp1.3.174/tbb/lib/intel64/gcc4.4:/usr/sw-cluster/slurm-16.05.3/lib:/usr/sw-cluster/mpi2/lib:/home/export/online1/systest/swperf/wd/BLCR/lib:
RMS_CTRL_MODE=2
OLDPWD=/home/export/base/swyf/USER/online3/lz/photoNs2-wq
CLOUD_HOME=/opt/cloudmon
INTEL_LICENSE_FILE=/usr/sw-cluster/intel/composer_xe_2013_sp1.3.174/licenses:/usr/sw-cluster/intel/licenses:/home/export/base/swyf/USER/intel/licenses:/usr/sw-cluster/intel/composer_xe_2013_sp1.4.211/licenses:/usr/sw-cluster/intel/licenses:/home/export/base/swyf/USER/intel/licenses
RMS_MYID=0
HOME=/home/export/base/swyf/USER
RMS_RUN_TPROCS=1
INCLUDE=/usr/sw-cluster/intel/composer_xe_2013_sp1.4.211/mkl/include:/usr/sw-cluster/intel/composer_xe_2013_sp1.3.174/mkl/include
SSH_TTY=/dev/pts/4
QTDIR=/usr/lib64/qt-3.3
AUTOCLUSCONF=/opt/clusconf/etc/autoconf.cfg
MPI_ROOT=/usr/sw-cluster/mpi2
CATALINA_HOME=/usr/local/tomcat/apache-tomcat-6.0.20
IPPROOT=/usr/sw-cluster/intel/composer_xe_2013_sp1.3.174/ipp
RMS_QUEUE=q_sw_expr
G_BROKEN_FILENAMES=1
MPM_LAUNCHER=/usr/sw-cluster/intel/composer_xe_2013_sp1.4.211/debugger/mpm/bin/start_mpm.sh
KDE_IS_PRELINKED=1
IPMICONF=/opt/clusconf/etc/ipmi.cfg
runlevel=3
SSH_ASKPASS=/usr/libexec/openssh/gnome-ssh-askpass
JBOSS_HOME=/opt/opev/jboss-4.2.3.GA
RMS_JOBNAME=collect_env.sh
RMS_STATE_DIR=/usr/sw-mpp/state
IDB_HOME=/usr/sw-cluster/intel/composer_xe_2013_sp1.4.211/bin/intel64
TBBROOT=/usr/sw-cluster/intel/composer_xe_2013_sp1.3.174/tbb
WRFIO_NCD_LARGE_FILE_SUPPORT=1
RMS_JOBLANG=series
UPSTART_JOB=rc
CONSOLETYPE=serial
RMS_ONLY_MASTERCORE=1
LOGNAME=USER
ZHANGWEIKEY=/home/export/base/swyf/zhangw/.ssh/id_rsa.pub
MIC_LIBRARY_PATH=/usr/sw-cluster/intel/composer_xe_2013_sp1.3.174/tbb/lib/mic
_=/usr/sw-mpp/bin/bsub
RMS_TPROCS=1
NFSCONF=/opt/clusconf/etc/nfs.cfg
GDBSERVER_MIC=/usr/sw-cluster/intel/composer_xe_2013_sp1.4.211/debugger/gdb/target/mic/bin/gdbserver
RMS_USER=USER
TERM=xterm-256color
RMS_JOBID=52736603
HISTCONTROL=ignoredups
RMS_USER_HOME=/home/export/base/swyf/USER
MIC_LD_LIBRARY_PATH=/usr/sw-cluster/intel/composer_xe_2013_sp1.4.211/compiler/lib/mic:/usr/sw-cluster/intel/composer_xe_2013_sp1.4.211/mpirt/lib/mic:/usr/sw-cluster/intel/composer_xe_2013_sp1.4.211/compiler/lib/mic:/usr/sw-cluster/intel/composer_xe_2013_sp1.4.211/mkl/lib/mic:/usr/sw-cluster/intel/composer_xe_2013_sp1.3.174/compiler/lib/mic:/usr/sw-cluster/intel/composer_xe_2013_sp1.3.174/mpirt/lib/mic:/usr/sw-cluster/intel/composer_xe_2013_sp1.3.174/compiler/lib/mic:/usr/sw-cluster/intel/composer_xe_2013_sp1.3.174/mkl/lib/mic:/usr/sw-cluster/intel/composer_xe_2013_sp1.3.174/tbb/lib/mic
PATH=/usr/sw-mpp/bin:/usr/lpp/mmfs/bin:/usr/java/jdk1.6.0_07/bin:/usr/sw-cluster/intel/composer_xe_2013_sp1.4.211/bin/intel64:/usr/sw-cluster/intel/composer_xe_2013_sp1.4.211/mpirt/bin/intel64:/usr/sw-cluster/intel/composer_xe_2013_sp1.4.211/debugger/gdb/intel64_mic/py27/bin:/usr/sw-cluster/intel/composer_xe_2013_sp1.4.211/debugger/gdb/intel64/py27/bin:/usr/sw-cluster/intel/composer_xe_2013_sp1.4.211/bin/intel64:/usr/sw-cluster/intel/composer_xe_2013_sp1.4.211/bin/intel64_mic:/usr/sw-cluster/intel/composer_xe_2013_sp1.4.211/debugger/gui/intel64:/usr/sw-cluster/intel/composer_xe_2013_sp1.3.174/bin/intel64:/usr/sw-cluster/intel/composer_xe_2013_sp1.3.174/mpirt/bin/intel64:/usr/sw-cluster/intel/composer_xe_2013_sp1.3.174/debugger/gdb/intel64_mic/py27/bin:/usr/sw-cluster/intel/composer_xe_2013_sp1.3.174/debugger/gdb/intel64/py27/bin:/usr/sw-cluster/intel/composer_xe_2013_sp1.3.174/bin/intel64:/usr/sw-cluster/intel/composer_xe_2013_sp1.3.174/bin/intel64_mic:/usr/sw-cluster/intel/composer_xe_2013_sp1.3.174/debugger/gui/intel64:/usr/lib64/qt-3.3/bin:/usr/kerberos/sbin:/usr/kerberos/bin:/opt/clusconf/bin:/usr/local/bin:/bin:/usr/bin:/usr/local/sbin:/usr/sbin:/sbin:/opt/ibutils/bin:/usr/sw-cluster/slurm-16.05.3/bin:/usr/sw-cluster/mpi2/bin:/home/export/online3/debug/swrun5a:/bin::/usr/sw-mpp/bin:/usr/kerberos/bin/:/home/export/base/swyf/USER/bin
RMS_INTERACTIVE=1
RUNLEVEL=3
PREVLEVEL=N
BASH_FUNC_module()=() {  eval `/usr/bin/modulecmd bash $*`
}
HISTSIZE=5000
LANG=zh_CN.UTF-8
LS_COLORS=rs=0:di=38;5;27:ln=38;5;51:mh=44;38;5;15:pi=40;38;5;11:so=38;5;13:do=38;5;5:bd=48;5;232;38;5;11:cd=48;5;232;38;5;3:or=48;5;232;38;5;9:mi=05;48;5;232;38;5;15:su=48;5;196;38;5;15:sg=48;5;11;38;5;16:ca=48;5;196;38;5;226:tw=48;5;10;38;5;16:ow=48;5;10;38;5;21:st=48;5;21;38;5;15:ex=38;5;34:*.tar=38;5;9:*.tgz=38;5;9:*.arj=38;5;9:*.taz=38;5;9:*.lzh=38;5;9:*.lzma=38;5;9:*.tlz=38;5;9:*.txz=38;5;9:*.zip=38;5;9:*.z=38;5;9:*.Z=38;5;9:*.dz=38;5;9:*.gz=38;5;9:*.lz=38;5;9:*.xz=38;5;9:*.bz2=38;5;9:*.tbz=38;5;9:*.tbz2=38;5;9:*.bz=38;5;9:*.tz=38;5;9:*.deb=38;5;9:*.rpm=38;5;9:*.jar=38;5;9:*.rar=38;5;9:*.ace=38;5;9:*.zoo=38;5;9:*.cpio=38;5;9:*.7z=38;5;9:*.rz=38;5;9:*.jpg=38;5;13:*.jpeg=38;5;13:*.gif=38;5;13:*.bmp=38;5;13:*.pbm=38;5;13:*.pgm=38;5;13:*.ppm=38;5;13:*.tga=38;5;13:*.xbm=38;5;13:*.xpm=38;5;13:*.tif=38;5;13:*.tiff=38;5;13:*.png=38;5;13:*.svg=38;5;13:*.svgz=38;5;13:*.mng=38;5;13:*.pcx=38;5;13:*.mov=38;5;13:*.mpg=38;5;13:*.mpeg=38;5;13:*.m2v=38;5;13:*.mkv=38;5;13:*.ogm=38;5;13:*.mp4=38;5;13:*.m4v=38;5;13:*.mp4v=38;5;13:*.vob=38;5;13:*.qt=38;5;13:*.nuv=38;5;13:*.wmv=38;5;13:*.asf=38;5;13:*.rm=38;5;13:*.rmvb=38;5;13:*.flc=38;5;13:*.avi=38;5;13:*.fli=38;5;13:*.flv=38;5;13:*.gl=38;5;13:*.dl=38;5;13:*.xcf=38;5;13:*.xwd=38;5;13:*.yuv=38;5;13:*.cgm=38;5;13:*.emf=38;5;13:*.axv=38;5;13:*.anx=38;5;13:*.ogv=38;5;13:*.ogx=38;5;13:*.aac=38;5;45:*.au=38;5;45:*.flac=38;5;45:*.mid=38;5;45:*.midi=38;5;45:*.mka=38;5;45:*.mp3=38;5;45:*.mpc=38;5;45:*.ogg=38;5;45:*.ra=38;5;45:*.wav=38;5;45:*.axa=38;5;45:*.oga=38;5;45:*.spx=38;5;45:*.xspf=38;5;45:
MV2_HANG_WHEN_ERROR=1
RMS_PROGNAME=./collect_env.sh
ORACLE_HOME=/usr/local/ora_cli/product/10.2.0
LANGSH_SOURCED=1
SHELL=/bin/bash
PROMPT_COMMAND={ msg=$(history 1 | { read x y; echo $y; });logger "[euid=$(whoami)]":$(who am i):[`pwd`]"$msg"; }
MKLROOT=/usr/sw-cluster/intel/composer_xe_2013_sp1.4.211/mkl
UPSTART_EVENTS=runlevel
CLASSPATH=.:
NLSPATH=/usr/sw-cluster/intel/composer_xe_2013_sp1.4.211/compiler/lib/intel64/locale/%l_%t/%N:/usr/sw-cluster/intel/composer_xe_2013_sp1.4.211/mkl/lib/intel64/locale/%l_%t/%N:/usr/sw-cluster/intel/composer_xe_2013_sp1.4.211/debugger/gdb/intel64_mic/py27/share/locale/%l_%t/%N:/usr/sw-cluster/intel/composer_xe_2013_sp1.4.211/debugger/gdb/intel64/py27/share/locale/%l_%t/%N:/usr/sw-cluster/intel/composer_xe_2013_sp1.4.211/debugger/intel64/locale/%l_%t/%N:/usr/sw-cluster/intel/composer_xe_2013_sp1.3.174/compiler/lib/intel64/locale/%l_%t/%N:/usr/sw-cluster/intel/composer_xe_2013_sp1.3.174/ipp/lib/intel64/locale/%l_%t/%N:/usr/sw-cluster/intel/composer_xe_2013_sp1.3.174/mkl/lib/intel64/locale/%l_%t/%N:/usr/sw-cluster/intel/composer_xe_2013_sp1.3.174/debugger/gdb/intel64_mic/py27/share/locale/%l_%t/%N:/usr/sw-cluster/intel/composer_xe_2013_sp1.3.174/debugger/gdb/intel64/py27/share/locale/%l_%t/%N:/usr/sw-cluster/intel/composer_xe_2013_sp1.3.174/debugger/intel64/locale/%l_%t/%N
RMS_CKPT_TYPE=sysckpt
LOADEDMODULES=
JAVA_HOME=/usr/java/jdk1.6.0_07
previous=N
PWD=/home/export/online3/USER/lz
SSH_CONNECTION=192.168.167.12 44802 41.0.0.188 22
PYTHONPATH=:/usr/sw-cluster/redis-2.10.3/lib/python2.7/site-packages/:/usr/sw-cluster/MySQL-python-1.2.5/lib/python2.7/site-packages/
GDB_CROSS=/usr/sw-cluster/intel/composer_xe_2013_sp1.4.211/debugger/gdb/intel64_mic/py27/bin/gdb-mic
CPATH=/usr/sw-cluster/intel/composer_xe_2013_sp1.4.211/mkl/include:/usr/sw-cluster/intel/composer_xe_2013_sp1.3.174/ipp/include:/usr/sw-cluster/intel/composer_xe_2013_sp1.3.174/mkl/include:/usr/sw-cluster/intel/composer_xe_2013_sp1.3.174/tbb/include
TZ=CST-8
HISTFILE=/tmp/.history/USER/192.168.167.12.history.2021:06:03:15:35:21
STARTWAITTIME=300
MODULEPATH=/usr/share/Modules/modulefiles:/usr/sw-cluster/Modules/modulefiles:/etc/modulefiles
MANPATH=/usr/sw-cluster/intel/composer_xe_2013_sp1.4.211/man/en_US:/usr/sw-cluster/intel/composer_xe_2013_sp1.4.211/man/en_US:/usr/sw-cluster/intel/composer_xe_2013_sp1.3.174/man/en_US:/usr/sw-cluster/intel/composer_xe_2013_sp1.3.174/man/en_US:/usr/kerberos/man:/usr/local/share/man:/usr/share/man/zh_CN:/usr/share/man/zh:/usr/share/man/overrides:/usr/share/man:/usr/man::
RMS_SUBCWD=/home/export/online3/USER/lz
RMS_BIND_CPU=1
MODULESHOME=/usr/share/Modules
QTLIB=/usr/lib64/qt-3.3/lib
RMS_RANK=0
+ lsb_release -a
./collect_env.sh: line 1: lsb_release: not found
+ uname -a
Linux vn000012 3.8.0-sw5 # SMP Wed Oct 14 15:29:42 CST 2020 sw_64 GNU/Linux
+ lscpu
./collect_env.sh: line 1: lscpu: not found
+ cat /proc/cpuinfo
cpu			: SW_64
cpu model		: SW5
cpu variation		: 1
cpu revision		: 0
cpu serial number	: 
system type		: shenwei
system variation	: 0
system revision		: 0
system serial number	: 
cycle frequency [Hz]	: 1450000000 
timer frequency [Hz]	: 0.24
page size [bytes]	: 8192
phys. address bits	: 44
max. addr. space #	: 255
BogoMIPS		: 0.81
kernel unaligned acc	: 14 (pc=fffffc00009a9724,va=11f87fa52)
user unaligned acc	: 563363300 (pc=4ff06bd7a4,va=50b1ab0150)
platform string		: N/A
cpus detected		: 4
cpus active		: 4
cpu active mask		: 0000000000001111
cpus core_start		: 000000000000000f
mem cycle freq		: 500 
L1 Icache		: 64K, 2-way, 64b line
L1 Dcache		: 64K, 2-way, 64b line
L2 cache		: n/a
L3 cache		: n/a
+ cat /proc/meminfo
MemTotal:        2038472 kB
MemFree:          616368 kB
Buffers:               0 kB
Cached:          1045600 kB
SwapCached:            0 kB
Active:           609128 kB
Inactive:         505664 kB
Active(anon):     137504 kB
Inactive(anon):       24 kB
Active(file):     471624 kB
Inactive(file):   505640 kB
Unevictable:       68816 kB
Mlocked:            2904 kB
SwapTotal:             0 kB
SwapFree:              0 kB
Dirty:                 0 kB
Writeback:             0 kB
AnonPages:        137984 kB
Mapped:             4232 kB
Shmem:               120 kB
Slab:              21512 kB
SReclaimable:       5176 kB
SUnreclaim:        16336 kB
KernelStack:        3936 kB
PageTables:          392 kB
NFS_Unstable:          0 kB
Bounce:                0 kB
WritebackTmp:          0 kB
CommitLimit:     1019232 kB
Committed_AS:     200872 kB
VmallocTotal:    8388608 kB
VmallocUsed:       12208 kB
VmallocChunk:    8376400 kB
AnonHugePages:         0 kB
HugePages_Total:       0
HugePages_Free:        0
HugePages_Rsvd:        0
HugePages_Surp:        0
Hugepagesize:       8192 kB
======================= cg0 =====================
UserPages_Mem_size: 	8192 MB
UserPages_Conti_Total:	7680 MB
UserPages_Conti_Free:	7680 MB
UserPages_Conti_Used:	0 MB
UserPages_Cross_Size:	0 MB
======================= cg1 =====================
UserPages_Mem_size: 	8192 MB
UserPages_Conti_Total:	7680 MB
UserPages_Conti_Free:	7680 MB
UserPages_Conti_Used:	0 MB
UserPages_Cross_Size:	0 MB
======================= cg2 =====================
UserPages_Mem_size: 	8192 MB
UserPages_Conti_Total:	7680 MB
UserPages_Conti_Free:	7680 MB
UserPages_Conti_Used:	0 MB
UserPages_Cross_Size:	0 MB
======================= cg3 =====================
UserPages_Mem_size: 	8192 MB
UserPages_Conti_Total:	7680 MB
UserPages_Conti_Free:	7680 MB
UserPages_Conti_Used:	0 MB
UserPages_Cross_Size:	0 MB
+ inxi -F -c0
./collect_env.sh: line 1: inxi: not found
+ lsblk -a
./collect_env.sh: line 1: lsblk: not found
+ lsscsi -s
./collect_env.sh: line 1: lsscsi: not found
+ module list
./collect_env.sh: line 1: module: not found
+ nvidia-smi
./collect_env.sh: line 1: nvidia-smi: not found
+ cat
+ lshw -short -quiet -sanitize
./collect_env.sh: line 1: lshw: not found
+ lspci
00:00.0 Class 0280: 15b3:1007
dispatching ...
Job 52736603 has been finished.
